<?xml version="1.0" encoding="UTF-8"?>
<!-- Generated by org.testng.reporters.JUnitReportReporter -->
<testsuite hostname="LAPTOP-LFOGEP19" failures="0" tests="1" name="test.login_xero_Test" time="7.198" errors="0" timestamp="2023-07-13T14:30:00 CDT" skipped="0">
  <testcase classname="test.login_xero_Test" name="LoginTestCase" time="7.198"/>
  <system-out/>
</testsuite> <!-- test.login_xero_Test -->
