<?xml version="1.0" encoding="UTF-8"?>
<!-- Generated by org.testng.reporters.JUnitReportReporter -->
<testsuite hostname="LAPTOP-LFOGEP19" failures="0" tests="1" name="test_Xero.login_xero_Test" time="4.556" errors="0" timestamp="2023-07-14T19:32:33 CDT" skipped="0">
  <testcase classname="test_Xero.login_xero_Test" name="Navigate_to_XERO_Testcase_01" time="4.556"/>
  <system-out/>
</testsuite> <!-- test_Xero.login_xero_Test -->
